INFO: 2021-06-30 08:42:28,910 <BrokerConnection node_id=bootstrap-0 host=localhost:9092 <connecting> [IPv6 ('::1', 9092, 0, 0)]>: connecting to localhost:9092 [('::1', 9092, 0, 0) IPv6]
INFO: 2021-06-30 08:42:28,910 Probing node bootstrap-0 broker version
ERROR: 2021-06-30 08:42:28,910 Connect attempt to <BrokerConnection node_id=bootstrap-0 host=localhost:9092 <connecting> [IPv6 ('::1', 9092, 0, 0)]> returned error 111. Disconnecting.
INFO: 2021-06-30 08:42:28,910 <BrokerConnection node_id=bootstrap-0 host=localhost:9092 <connecting> [IPv6 ('::1', 9092, 0, 0)]>: Closing connection. KafkaConnectionError: 111 ECONNREFUSED
INFO: 2021-06-30 08:42:28,958 <BrokerConnection node_id=bootstrap-0 host=localhost:9092 <connecting> [IPv6 ('::1', 9092, 0, 0)]>: connecting to localhost:9092 [('::1', 9092, 0, 0) IPv6]
ERROR: 2021-06-30 08:42:28,959 Connect attempt to <BrokerConnection node_id=bootstrap-0 host=localhost:9092 <connecting> [IPv6 ('::1', 9092, 0, 0)]> returned error 111. Disconnecting.
INFO: 2021-06-30 08:42:28,959 <BrokerConnection node_id=bootstrap-0 host=localhost:9092 <connecting> [IPv6 ('::1', 9092, 0, 0)]>: Closing connection. KafkaConnectionError: 111 ECONNREFUSED
INFO: 2021-06-30 08:42:29,008 <BrokerConnection node_id=bootstrap-0 host=localhost:9092 <connecting> [IPv4 ('127.0.0.1', 9092)]>: connecting to localhost:9092 [('127.0.0.1', 9092) IPv4]
ERROR: 2021-06-30 08:42:29,009 Connect attempt to <BrokerConnection node_id=bootstrap-0 host=localhost:9092 <connecting> [IPv4 ('127.0.0.1', 9092)]> returned error 111. Disconnecting.
INFO: 2021-06-30 08:42:29,009 <BrokerConnection node_id=bootstrap-0 host=localhost:9092 <connecting> [IPv4 ('127.0.0.1', 9092)]>: Closing connection. KafkaConnectionError: 111 ECONNREFUSED
INFO: 2021-06-30 08:42:29,058 <BrokerConnection node_id=bootstrap-0 host=localhost:9092 <connecting> [IPv4 ('127.0.0.1', 9092)]>: connecting to localhost:9092 [('127.0.0.1', 9092) IPv4]
ERROR: 2021-06-30 08:42:29,058 Connect attempt to <BrokerConnection node_id=bootstrap-0 host=localhost:9092 <connecting> [IPv4 ('127.0.0.1', 9092)]> returned error 111. Disconnecting.
INFO: 2021-06-30 08:42:29,059 <BrokerConnection node_id=bootstrap-0 host=localhost:9092 <connecting> [IPv4 ('127.0.0.1', 9092)]>: Closing connection. KafkaConnectionError: 111 ECONNREFUSED
INFO: 2021-06-30 08:45:06,838 <BrokerConnection node_id=bootstrap-0 host=localhost:9092 <connecting> [IPv6 ('::1', 9092, 0, 0)]>: connecting to localhost:9092 [('::1', 9092, 0, 0) IPv6]
INFO: 2021-06-30 08:45:06,838 Probing node bootstrap-0 broker version
INFO: 2021-06-30 08:45:06,838 <BrokerConnection node_id=bootstrap-0 host=localhost:9092 <connecting> [IPv6 ('::1', 9092, 0, 0)]>: Connection complete.
INFO: 2021-06-30 08:45:06,982 Broker version identified as 2.5.0
INFO: 2021-06-30 08:45:06,982 Set configuration api_version=(2, 5, 0) to skip auto check_version requests on startup
WARNING: 2021-06-30 08:45:06,983 group_id is None: disabling auto-commit.
INFO: 2021-06-30 08:45:06,984 Updating subscribed topics to: ('topic',)
INFO: 2021-06-30 08:45:06,987 Updated partition assignment: [TopicPartition(topic='topic', partition=0)]
INFO: 2021-06-30 08:45:06,988 <BrokerConnection node_id=0 host=localhost:9092 <connecting> [IPv6 ('::1', 9092, 0, 0)]>: connecting to localhost:9092 [('::1', 9092, 0, 0) IPv6]
INFO: 2021-06-30 08:45:06,989 <BrokerConnection node_id=0 host=localhost:9092 <connecting> [IPv6 ('::1', 9092, 0, 0)]>: Connection complete.
INFO: 2021-06-30 08:45:06,989 <BrokerConnection node_id=bootstrap-0 host=localhost:9092 <connected> [IPv6 ('::1', 9092, 0, 0)]>: Closing connection. 
INFO: 2021-06-30 08:46:01,876 `node|Claim|{id: 1}|{name: "Erin against Angela", r: 255, g: 255, b: 255}`, Successfully entered node in Memgraph.
INFO: 2021-06-30 08:46:02,062 `node|Claim|{id: 2}|{name: "Angela angainst Cecilia", r: 0, g: 255, b: 0}`, Successfully entered node in Memgraph.
INFO: 2021-06-30 08:46:02,271 `node|Claim|{id: 3}|{name: "Angela against Ernest", r: 255, g: 255, b: 0}`, Successfully entered node in Memgraph.
INFO: 2021-06-30 08:46:02,478 `node|Claim|{id: 4}|{name: "Martin against Lark", r: 0, g: 255, b: 0}`, Successfully entered node in Memgraph.
INFO: 2021-06-30 08:46:02,697 `node|Claim|{id: 5}|{name: "Alfred against Ward 1", r: 255, g: 0, b: 0, fraudulent: true}`, Successfully entered node in Memgraph.
INFO: 2021-06-30 08:46:02,897 `node|Claim|{id: 6}|{name: "Alfred against Ward 2", r: 255, g: 0, b: 0, fraudulent: true}`, Successfully entered node in Memgraph.
INFO: 2021-06-30 08:46:03,105 `node|Claim|{id: 7}|{name: "Alfred against Lark", r: 255, g: 0, b: 0, fraudulent: true}`, Successfully entered node in Memgraph.
INFO: 2021-06-30 08:46:03,312 `node|Claim|{id: 8}|{name: "Ollie against Todd", r: 0, g: 255, b: 0}`, Successfully entered node in Memgraph.
INFO: 2021-06-30 08:46:03,523 `node|Claim|{id: 9}|{name: "Melinda against Winton", r: 0, g: 255, b: 0}`, Successfully entered node in Memgraph.
INFO: 2021-06-30 08:46:03,729 `node|Claim|{id: 10}|{name: "Hannibal against Jake", r: 255, g: 0, b: 0, fraudulent: true}`, Successfully entered node in Memgraph.
INFO: 2021-06-30 08:46:03,938 `node|Claim|{id: 11}|{name: "Zea against Sandra", r: 255, g: 255, b: 0}`, Successfully entered node in Memgraph.
INFO: 2021-06-30 08:46:04,146 `node|Claim|{id: 12}|{name: "Laurence against Lisa", r:0 , g: 255, b: 0}`, Successfully entered node in Memgraph.
INFO: 2021-06-30 08:46:04,354 `node|Claim|{id: 13}|{name: "Elena against Kevin", r: 255, g: 255, b: 0}`, Successfully entered node in Memgraph.
INFO: 2021-06-30 08:46:04,562 `node|Claim|{id: 14}|{name: "Sally against Lisa", r: 255, g: 0, b: 0}`, Successfully entered node in Memgraph.
ERROR: 2021-06-30 08:46:04,769 `edge|Claim|{id: 1}|Claim|{id: 2}|CONNECTED_WITH`, ValueError('not enough values to unpack (expected 6, got 5)')
ERROR: 2021-06-30 08:46:04,977 `edge|Claim|{id: 1}|Claim|{id: 4}|CONNECTED_WITH`, ValueError('not enough values to unpack (expected 6, got 5)')
ERROR: 2021-06-30 08:46:05,185 `edge|Claim|{id: 1}|Claim|{id: 11}|CONNECTED_WITH`, ValueError('not enough values to unpack (expected 6, got 5)')
ERROR: 2021-06-30 08:46:05,392 `edge|Claim|{id: 4}|Claim|{id: 6}|CONNECTED_WITH`, ValueError('not enough values to unpack (expected 6, got 5)')
ERROR: 2021-06-30 08:46:05,601 `edge|Claim|{id: 5}|Claim|{id: 6}|CONNECTED_WITH`, ValueError('not enough values to unpack (expected 6, got 5)')
ERROR: 2021-06-30 08:46:05,811 `edge|Claim|{id: 6}|Claim|{id: 7}|CONNECTED_WITH`, ValueError('not enough values to unpack (expected 6, got 5)')
ERROR: 2021-06-30 08:46:06,020 `edge|Claim|{id: 8}|Claim|{id: 9}|CONNECTED_WITH`, ValueError('not enough values to unpack (expected 6, got 5)')
ERROR: 2021-06-30 08:46:06,226 `edge|Claim|{id: 10}|Claim|{id: 12}|CONNECTED_WITH`, ValueError('not enough values to unpack (expected 6, got 5)')
ERROR: 2021-06-30 08:46:06,434 `edge|Claim|{id: 11}|Claim|{id: 12}|CONNECTED_WITH`, ValueError('not enough values to unpack (expected 6, got 5)')
ERROR: 2021-06-30 08:46:06,641 `edge|Claim|{id: 11}|Claim|{id: 13}|CONNECTED_WITH`, ValueError('not enough values to unpack (expected 6, got 5)')
ERROR: 2021-06-30 08:46:06,851 `edge|Claim|{id: 13}|Claim|{id: 14}|CONNECTED_WITH`, ValueError('not enough values to unpack (expected 6, got 5)')
ERROR: 2021-06-30 09:23:26,023 `node|Person|{ssn: "H123456789"}|{name: "Happy"}`, DatabaseError('failed to receive chunk size')
INFO: 2021-06-30 09:23:26,233 `node|LastName|{name: "Liver"}|{}`, Successfully entered node in Memgraph.
INFO: 2021-06-30 09:23:26,444 `edge|Person|{ssn: "H123456789"}|HAS_LAST_NAME|{}|LastName|{name: "Liver"}`, Successfully entered edge in Memgraph.
INFO: 2021-06-30 09:23:26,644 `node|Location|{address: "Fourth Street 13"}|{}`, Successfully entered node in Memgraph.
INFO: 2021-06-30 09:23:26,847 `edge|Person|{ssn: "H123456789"}|LOCATED_IN|{}|Location|{address: "Fourth Street 13"}`, Successfully entered edge in Memgraph.
INFO: 2021-06-30 09:23:27,051 `node|Vehicle|{plate: "EB3-407"}|{brand: "Mercedes", model: "S", year: 2016}`, Successfully entered node in Memgraph.
INFO: 2021-06-30 09:23:27,256 `node|Policy|{id: "H345678"}|{}`, Successfully entered node in Memgraph.
ERROR: 2021-06-30 09:23:27,465 `edge|Policy|{id: "H345678"}|INSURES_VEHICLE|{}|Vehicle|{plate: "EB3-407"}|INSURES_VEHICLE`, ValueError('too many values to unpack (expected 6)')
INFO: 2021-06-30 09:23:27,675 `edge|Policy|{id: "H345678"}|DRIVER|{}|Person|{ssn: "H123456789"}`, Successfully entered edge in Memgraph.
INFO: 2021-06-30 09:23:27,877 `node|Location|{address: "Crossing of Fourth and Fifth street"}|{}`, Successfully entered node in Memgraph.
INFO: 2021-06-30 09:23:28,088 `node|Person|{ssn: "F0987654321"}|{name: "Frank"}`, Successfully entered node in Memgraph.
INFO: 2021-06-30 09:23:28,303 `node|LastName|{name: "Abagnale"}|{}`, Successfully entered node in Memgraph.
INFO: 2021-06-30 09:23:28,510 `edge|Person|{ssn: "F0987654321"}|HAS_LAST_NAME|{}|LastName|{name: "Abagnale"}`, Successfully entered edge in Memgraph.
INFO: 2021-06-30 09:23:28,719 `node|Policy|{id: "654379221"}|{}`, Successfully entered node in Memgraph.
INFO: 2021-06-30 09:23:28,926 `node|Vehicle|{plate: "ACD-111"}|{brand: "Ford", model: "Fiesta", year: 2001}`, Successfully entered node in Memgraph.
INFO: 2021-06-30 09:23:38,565 <BrokerConnection node_id=bootstrap-0 host=localhost:9092 <connecting> [IPv6 ('::1', 9092, 0, 0)]>: connecting to localhost:9092 [('::1', 9092, 0, 0) IPv6]
INFO: 2021-06-30 09:23:38,565 Probing node bootstrap-0 broker version
INFO: 2021-06-30 09:23:38,565 <BrokerConnection node_id=bootstrap-0 host=localhost:9092 <connecting> [IPv6 ('::1', 9092, 0, 0)]>: Connection complete.
INFO: 2021-06-30 09:23:38,673 Broker version identified as 2.5.0
INFO: 2021-06-30 09:23:38,673 Set configuration api_version=(2, 5, 0) to skip auto check_version requests on startup
WARNING: 2021-06-30 09:23:38,675 group_id is None: disabling auto-commit.
INFO: 2021-06-30 09:23:38,676 Updating subscribed topics to: ('topic',)
INFO: 2021-06-30 09:23:38,681 Updated partition assignment: [TopicPartition(topic='topic', partition=0)]
INFO: 2021-06-30 09:23:38,684 <BrokerConnection node_id=0 host=localhost:9092 <connecting> [IPv6 ('::1', 9092, 0, 0)]>: connecting to localhost:9092 [('::1', 9092, 0, 0) IPv6]
INFO: 2021-06-30 09:23:38,685 <BrokerConnection node_id=0 host=localhost:9092 <connecting> [IPv6 ('::1', 9092, 0, 0)]>: Connection complete.
INFO: 2021-06-30 09:23:38,686 <BrokerConnection node_id=bootstrap-0 host=localhost:9092 <connected> [IPv6 ('::1', 9092, 0, 0)]>: Closing connection. 
INFO: 2021-06-30 09:23:41,133 `node|Person|{ssn: "H123456789"}|{name: "Happy"}`, Successfully entered node in Memgraph.
INFO: 2021-06-30 09:23:41,336 `node|LastName|{name: "Liver"}|{}`, Successfully entered node in Memgraph.
INFO: 2021-06-30 09:23:41,540 `edge|Person|{ssn: "H123456789"}|HAS_LAST_NAME|{}|LastName|{name: "Liver"}`, Successfully entered edge in Memgraph.
INFO: 2021-06-30 09:23:41,743 `node|Location|{address: "Fourth Street 13"}|{}`, Successfully entered node in Memgraph.
INFO: 2021-06-30 09:23:41,948 `edge|Person|{ssn: "H123456789"}|LOCATED_IN|{}|Location|{address: "Fourth Street 13"}`, Successfully entered edge in Memgraph.
INFO: 2021-06-30 09:23:42,152 `node|Vehicle|{plate: "EB3-407"}|{brand: "Mercedes", model: "S", year: 2016}`, Successfully entered node in Memgraph.
INFO: 2021-06-30 09:23:42,360 `node|Policy|{id: "H345678"}|{}`, Successfully entered node in Memgraph.
ERROR: 2021-06-30 09:23:42,564 `edge|Policy|{id: "H345678"}|INSURES_VEHICLE|{}|Vehicle|{plate: "EB3-407"}|INSURES_VEHICLE`, ValueError('too many values to unpack (expected 6)')
INFO: 2021-06-30 09:23:42,768 `edge|Policy|{id: "H345678"}|DRIVER|{}|Person|{ssn: "H123456789"}`, Successfully entered edge in Memgraph.
INFO: 2021-06-30 09:23:42,977 `node|Location|{address: "Crossing of Fourth and Fifth street"}|{}`, Successfully entered node in Memgraph.
INFO: 2021-06-30 09:23:43,186 `node|Person|{ssn: "F0987654321"}|{name: "Frank"}`, Successfully entered node in Memgraph.
INFO: 2021-06-30 09:23:43,392 `node|LastName|{name: "Abagnale"}|{}`, Successfully entered node in Memgraph.
INFO: 2021-06-30 09:23:43,599 `edge|Person|{ssn: "F0987654321"}|HAS_LAST_NAME|{}|LastName|{name: "Abagnale"}`, Successfully entered edge in Memgraph.
INFO: 2021-06-30 09:23:43,808 `node|Policy|{id: "654379221"}|{}`, Successfully entered node in Memgraph.
INFO: 2021-06-30 09:23:44,015 `node|Vehicle|{plate: "ACD-111"}|{brand: "Ford", model: "Fiesta", year: 2001}`, Successfully entered node in Memgraph.
INFO: 2021-06-30 09:27:19,914 `node|Person|{ssn: "H123456789"}|{name: "Happy"}`, Successfully entered node in Memgraph.
INFO: 2021-06-30 09:27:20,125 `node|LastName|{name: "Liver"}|{}`, Successfully entered node in Memgraph.
INFO: 2021-06-30 09:27:20,332 `edge|Person|{ssn: "H123456789"}|HAS_LAST_NAME|{}|LastName|{name: "Liver"}`, Successfully entered edge in Memgraph.
INFO: 2021-06-30 09:27:20,539 `node|Location|{address: "Fourth Street 13"}|{}`, Successfully entered node in Memgraph.
INFO: 2021-06-30 09:27:20,747 `edge|Person|{ssn: "H123456789"}|LOCATED_IN|{}|Location|{address: "Fourth Street 13"}`, Successfully entered edge in Memgraph.
INFO: 2021-06-30 09:27:20,953 `node|Vehicle|{plate: "EB3-407"}|{brand: "Mercedes", model: "S", year: 2016}`, Successfully entered node in Memgraph.
INFO: 2021-06-30 09:27:21,160 `node|Policy|{id: "H345678"}|{}`, Successfully entered node in Memgraph.
ERROR: 2021-06-30 09:27:21,365 `edge|Policy|{id: "H345678"}|INSURES_VEHICLE|{}|Vehicle|{plate: "EB3-407"}|INSURES_VEHICLE`, ValueError('too many values to unpack (expected 6)')
INFO: 2021-06-30 09:27:21,575 `edge|Policy|{id: "H345678"}|DRIVER|{}|Person|{ssn: "H123456789"}`, Successfully entered edge in Memgraph.
INFO: 2021-06-30 09:27:21,780 `node|Location|{address: "Crossing of Fourth and Fifth street"}|{}`, Successfully entered node in Memgraph.
INFO: 2021-06-30 09:27:21,989 `node|Person|{ssn: "F0987654321"}|{name: "Frank"}`, Successfully entered node in Memgraph.
INFO: 2021-06-30 09:27:22,197 `node|LastName|{name: "Abagnale"}|{}`, Successfully entered node in Memgraph.
INFO: 2021-06-30 09:27:22,403 `edge|Person|{ssn: "F0987654321"}|HAS_LAST_NAME|{}|LastName|{name: "Abagnale"}`, Successfully entered edge in Memgraph.
INFO: 2021-06-30 09:27:22,611 `node|Policy|{id: "654379221"}|{}`, Successfully entered node in Memgraph.
INFO: 2021-06-30 09:27:22,818 `node|Vehicle|{plate: "ACD-111"}|{brand: "Ford", model: "Fiesta", year: 2001}`, Successfully entered node in Memgraph.
INFO: 2021-06-30 09:45:47,546 <BrokerConnection node_id=bootstrap-0 host=localhost:9092 <connecting> [IPv6 ('::1', 9092, 0, 0)]>: connecting to localhost:9092 [('::1', 9092, 0, 0) IPv6]
INFO: 2021-06-30 09:45:47,546 Probing node bootstrap-0 broker version
INFO: 2021-06-30 09:45:47,547 <BrokerConnection node_id=bootstrap-0 host=localhost:9092 <connecting> [IPv6 ('::1', 9092, 0, 0)]>: Connection complete.
INFO: 2021-06-30 09:45:47,649 Broker version identified as 2.5.0
INFO: 2021-06-30 09:45:47,649 Set configuration api_version=(2, 5, 0) to skip auto check_version requests on startup
WARNING: 2021-06-30 09:45:47,650 group_id is None: disabling auto-commit.
INFO: 2021-06-30 09:45:47,650 Updating subscribed topics to: ('topic',)
INFO: 2021-06-30 09:45:47,652 Updated partition assignment: [TopicPartition(topic='topic', partition=0)]
INFO: 2021-06-30 09:45:47,653 <BrokerConnection node_id=0 host=localhost:9092 <connecting> [IPv6 ('::1', 9092, 0, 0)]>: connecting to localhost:9092 [('::1', 9092, 0, 0) IPv6]
INFO: 2021-06-30 09:45:47,653 <BrokerConnection node_id=0 host=localhost:9092 <connecting> [IPv6 ('::1', 9092, 0, 0)]>: Connection complete.
INFO: 2021-06-30 09:45:47,653 <BrokerConnection node_id=bootstrap-0 host=localhost:9092 <connected> [IPv6 ('::1', 9092, 0, 0)]>: Closing connection. 
INFO: 2021-06-30 09:45:51,582 `edge|Claim|{id: 1}|CONNECTED_WITH|{}|Claim|{id: 2}`, Successfully entered edge in Memgraph.
INFO: 2021-06-30 09:45:51,783 `edge|Claim|{id: 1}|CONNECTED_WITH|{}|Claim|{id: 4}`, Successfully entered edge in Memgraph.
INFO: 2021-06-30 09:45:51,990 `edge|Claim|{id: 1}|CONNECTED_WITH|{}|Claim|{id: 11}`, Successfully entered edge in Memgraph.
INFO: 2021-06-30 09:45:52,196 `edge|Claim|{id: 4}|CONNECTED_WITH|{}|Claim|{id: 6}`, Successfully entered edge in Memgraph.
INFO: 2021-06-30 09:45:52,402 `edge|Claim|{id: 5}|CONNECTED_WITH|{}|Claim|{id: 6}`, Successfully entered edge in Memgraph.
INFO: 2021-06-30 09:45:52,608 `edge|Claim|{id: 6}|CONNECTED_WITH|{}|Claim|{id: 7}`, Successfully entered edge in Memgraph.
INFO: 2021-06-30 09:45:52,817 `edge|Claim|{id: 8}|CONNECTED_WITH|{}|Claim|{id: 9}`, Successfully entered edge in Memgraph.
INFO: 2021-06-30 09:45:53,023 `edge|Claim|{id: 10}|CONNECTED_WITH|{}|Claim|{id: 12}`, Successfully entered edge in Memgraph.
INFO: 2021-06-30 09:45:53,229 `edge|Claim|{id: 11}|CONNECTED_WITH|{}|Claim|{id: 12}`, Successfully entered edge in Memgraph.
INFO: 2021-06-30 09:45:53,436 `edge|Claim|{id: 11}|CONNECTED_WITH|{}|Claim|{id: 13}`, Successfully entered edge in Memgraph.
INFO: 2021-06-30 09:45:53,644 `edge|Claim|{id: 13}|CONNECTED_WITH|{}|Claim|{id: 14}`, Successfully entered edge in Memgraph.
INFO: 2021-06-30 09:45:53,851 `node|Claim|{id: 1}|{name: "Erin against Angela", r: 255, g: 255, b: 255}`, Successfully entered node in Memgraph.
INFO: 2021-06-30 09:45:54,057 `node|Claim|{id: 2}|{name: "Angela angainst Cecilia", r: 0, g: 255, b: 0}`, Successfully entered node in Memgraph.
INFO: 2021-06-30 09:45:54,264 `node|Claim|{id: 3}|{name: "Angela against Ernest", r: 255, g: 255, b: 0}`, Successfully entered node in Memgraph.
INFO: 2021-06-30 09:45:54,470 `node|Claim|{id: 4}|{name: "Martin against Lark", r: 0, g: 255, b: 0}`, Successfully entered node in Memgraph.
INFO: 2021-06-30 09:45:54,677 `node|Claim|{id: 5}|{name: "Alfred against Ward 1", r: 255, g: 0, b: 0, fraudulent: true}`, Successfully entered node in Memgraph.
INFO: 2021-06-30 09:45:54,883 `node|Claim|{id: 6}|{name: "Alfred against Ward 2", r: 255, g: 0, b: 0, fraudulent: true}`, Successfully entered node in Memgraph.
INFO: 2021-06-30 09:45:55,090 `node|Claim|{id: 7}|{name: "Alfred against Lark", r: 255, g: 0, b: 0, fraudulent: true}`, Successfully entered node in Memgraph.
INFO: 2021-06-30 09:45:55,292 `node|Claim|{id: 8}|{name: "Ollie against Todd", r: 0, g: 255, b: 0}`, Successfully entered node in Memgraph.
INFO: 2021-06-30 09:45:55,498 `node|Claim|{id: 9}|{name: "Melinda against Winton", r: 0, g: 255, b: 0}`, Successfully entered node in Memgraph.
INFO: 2021-06-30 09:45:55,706 `node|Claim|{id: 10}|{name: "Hannibal against Jake", r: 255, g: 0, b: 0, fraudulent: true}`, Successfully entered node in Memgraph.
INFO: 2021-06-30 09:45:55,912 `node|Claim|{id: 11}|{name: "Zea against Sandra", r: 255, g: 255, b: 0}`, Successfully entered node in Memgraph.
INFO: 2021-06-30 09:45:56,120 `node|Claim|{id: 12}|{name: "Laurence against Lisa", r:0 , g: 255, b: 0}`, Successfully entered node in Memgraph.
INFO: 2021-06-30 09:45:56,328 `node|Claim|{id: 13}|{name: "Elena against Kevin", r: 255, g: 255, b: 0}`, Successfully entered node in Memgraph.
INFO: 2021-06-30 09:45:56,536 `node|Claim|{id: 14}|{name: "Sally against Lisa", r: 255, g: 0, b: 0}`, Successfully entered node in Memgraph.
INFO: 2021-06-30 09:50:42,455 <BrokerConnection node_id=bootstrap-0 host=localhost:9092 <connecting> [IPv6 ('::1', 9092, 0, 0)]>: connecting to localhost:9092 [('::1', 9092, 0, 0) IPv6]
INFO: 2021-06-30 09:50:42,455 Probing node bootstrap-0 broker version
INFO: 2021-06-30 09:50:42,455 <BrokerConnection node_id=bootstrap-0 host=localhost:9092 <connecting> [IPv6 ('::1', 9092, 0, 0)]>: Connection complete.
INFO: 2021-06-30 09:50:42,562 Broker version identified as 2.5.0
INFO: 2021-06-30 09:50:42,563 Set configuration api_version=(2, 5, 0) to skip auto check_version requests on startup
WARNING: 2021-06-30 09:50:42,565 group_id is None: disabling auto-commit.
INFO: 2021-06-30 09:50:42,565 Updating subscribed topics to: ('topic',)
INFO: 2021-06-30 09:50:42,569 Updated partition assignment: [TopicPartition(topic='topic', partition=0)]
INFO: 2021-06-30 09:50:42,571 <BrokerConnection node_id=0 host=localhost:9092 <connecting> [IPv6 ('::1', 9092, 0, 0)]>: connecting to localhost:9092 [('::1', 9092, 0, 0) IPv6]
INFO: 2021-06-30 09:50:42,572 <BrokerConnection node_id=0 host=localhost:9092 <connecting> [IPv6 ('::1', 9092, 0, 0)]>: Connection complete.
INFO: 2021-06-30 09:50:42,572 <BrokerConnection node_id=bootstrap-0 host=localhost:9092 <connected> [IPv6 ('::1', 9092, 0, 0)]>: Closing connection. 
INFO: 2021-06-30 09:50:45,920 `edge|Claim|{id: 1}|CONNECTED_WITH|{}|Claim|{id: 2}`, Successfully entered edge in Memgraph.
INFO: 2021-06-30 09:50:46,126 `edge|Claim|{id: 1}|CONNECTED_WITH|{}|Claim|{id: 4}`, Successfully entered edge in Memgraph.
INFO: 2021-06-30 09:50:46,333 `edge|Claim|{id: 1}|CONNECTED_WITH|{}|Claim|{id: 11}`, Successfully entered edge in Memgraph.
INFO: 2021-06-30 09:50:46,539 `edge|Claim|{id: 4}|CONNECTED_WITH|{}|Claim|{id: 6}`, Successfully entered edge in Memgraph.
INFO: 2021-06-30 09:50:46,747 `edge|Claim|{id: 5}|CONNECTED_WITH|{}|Claim|{id: 6}`, Successfully entered edge in Memgraph.
INFO: 2021-06-30 09:50:46,953 `edge|Claim|{id: 6}|CONNECTED_WITH|{}|Claim|{id: 7}`, Successfully entered edge in Memgraph.
INFO: 2021-06-30 09:50:47,160 `edge|Claim|{id: 8}|CONNECTED_WITH|{}|Claim|{id: 9}`, Successfully entered edge in Memgraph.
INFO: 2021-06-30 09:50:47,370 `edge|Claim|{id: 10}|CONNECTED_WITH|{}|Claim|{id: 12}`, Successfully entered edge in Memgraph.
INFO: 2021-06-30 09:50:47,575 `edge|Claim|{id: 11}|CONNECTED_WITH|{}|Claim|{id: 12}`, Successfully entered edge in Memgraph.
INFO: 2021-06-30 09:50:47,781 `edge|Claim|{id: 11}|CONNECTED_WITH|{}|Claim|{id: 13}`, Successfully entered edge in Memgraph.
INFO: 2021-06-30 09:50:47,989 `edge|Claim|{id: 13}|CONNECTED_WITH|{}|Claim|{id: 14}`, Successfully entered edge in Memgraph.
INFO: 2021-06-30 09:50:48,195 `node|Claim|{id: 1}|{name: "Erin against Angela", r: 255, g: 255, b: 255}`, Successfully entered node in Memgraph.
INFO: 2021-06-30 09:50:48,401 `node|Claim|{id: 2}|{name: "Angela angainst Cecilia", r: 0, g: 255, b: 0}`, Successfully entered node in Memgraph.
INFO: 2021-06-30 09:50:48,607 `node|Claim|{id: 3}|{name: "Angela against Ernest", r: 255, g: 255, b: 0}`, Successfully entered node in Memgraph.
INFO: 2021-06-30 09:50:48,815 `node|Claim|{id: 4}|{name: "Martin against Lark", r: 0, g: 255, b: 0}`, Successfully entered node in Memgraph.
INFO: 2021-06-30 09:50:49,023 `node|Claim|{id: 5}|{name: "Alfred against Ward 1", r: 255, g: 0, b: 0, fraudulent: true}`, Successfully entered node in Memgraph.
INFO: 2021-06-30 09:50:49,236 `node|Claim|{id: 6}|{name: "Alfred against Ward 2", r: 255, g: 0, b: 0, fraudulent: true}`, Successfully entered node in Memgraph.
INFO: 2021-06-30 09:50:49,443 `node|Claim|{id: 7}|{name: "Alfred against Lark", r: 255, g: 0, b: 0, fraudulent: true}`, Successfully entered node in Memgraph.
INFO: 2021-06-30 09:50:49,652 `node|Claim|{id: 8}|{name: "Ollie against Todd", r: 0, g: 255, b: 0}`, Successfully entered node in Memgraph.
INFO: 2021-06-30 09:50:49,857 `node|Claim|{id: 9}|{name: "Melinda against Winton", r: 0, g: 255, b: 0}`, Successfully entered node in Memgraph.
INFO: 2021-06-30 09:50:50,064 `node|Claim|{id: 10}|{name: "Hannibal against Jake", r: 255, g: 0, b: 0, fraudulent: true}`, Successfully entered node in Memgraph.
INFO: 2021-06-30 09:50:50,274 `node|Claim|{id: 11}|{name: "Zea against Sandra", r: 255, g: 255, b: 0}`, Successfully entered node in Memgraph.
INFO: 2021-06-30 09:50:50,485 `node|Claim|{id: 12}|{name: "Laurence against Lisa", r:0 , g: 255, b: 0}`, Successfully entered node in Memgraph.
INFO: 2021-06-30 09:50:50,693 `node|Claim|{id: 13}|{name: "Elena against Kevin", r: 255, g: 255, b: 0}`, Successfully entered node in Memgraph.
INFO: 2021-06-30 09:50:50,899 `node|Claim|{id: 14}|{name: "Sally against Lisa", r: 255, g: 0, b: 0}`, Successfully entered node in Memgraph.
